SF:lib\core\utils.dart
DA:3,5
DA:5,3
LF:2
LH:2
end_of_record
SF:lib\core\assets.dart
DA:2,0
LF:1
LH:0
end_of_record
SF:lib\core\usecase.dart
DA:2,3
DA:8,0
LF:2
LH:1
end_of_record
SF:lib\features\parking_mgmt\data\data_sources\remote_datasource.dart
DA:8,1
DA:16,1
DA:20,0
DA:34,0
DA:35,0
DA:36,0
DA:37,0
DA:38,0
DA:39,0
DA:44,1
LF:10
LH:3
end_of_record
SF:lib\features\parking_mgmt\data\models\slot_model.dart
DA:6,3
DA:18,1
DA:19,5
DA:21,4
DA:22,2
DA:23,2
DA:24,2
DA:25,2
LF:8
LH:8
end_of_record
SF:lib\features\parking_mgmt\domain\entities\slot.dart
DA:5,6
DA:17,4
DA:18,20
LF:3
LH:3
end_of_record
SF:lib\features\parking_mgmt\data\repositories\slot_repository_impl.dart
DA:7,2
DA:11,1
DA:13,2
DA:14,1
DA:17,2
DA:18,4
LF:6
LH:6
end_of_record
SF:lib\features\parking_mgmt\domain\repositories\slot_repository.dart
DA:5,2
LF:1
LH:1
end_of_record
SF:lib\features\parking_mgmt\domain\use_cases\get_slot_usecase.dart
DA:7,2
DA:11,1
DA:12,2
LF:3
LH:3
end_of_record
SF:lib\features\parking_mgmt\domain\use_cases\release_slot_usecase.dart
DA:5,2
DA:9,2
DA:11,4
LF:3
LH:3
end_of_record
SF:lib\features\parking_mgmt\presentation\cubit\parking_state.dart
DA:4,3
DA:6,1
DA:7,1
DA:15,2
LF:4
LH:4
end_of_record
SF:lib\features\parking_mgmt\presentation\cubit\parking_cubit.dart
DA:13,2
DA:18,4
DA:25,1
DA:26,2
DA:27,2
DA:28,1
DA:29,2
DA:30,2
DA:33,2
DA:34,4
DA:35,4
DA:36,2
DA:37,7
DA:38,4
DA:39,2
DA:40,4
DA:43,2
DA:44,4
DA:45,8
DA:46,2
DA:47,4
DA:48,4
DA:49,2
DA:50,4
LF:24
LH:24
end_of_record
SF:lib\features\parking_mgmt\presentation\pages\parking_view.dart
DA:13,1
DA:15,1
DA:17,1
DA:18,1
DA:20,1
DA:21,1
DA:22,3
DA:27,1
DA:29,1
DA:30,1
DA:31,3
DA:33,1
DA:35,3
DA:36,1
DA:38,3
DA:39,1
DA:46,1
DA:48,1
DA:50,3
DA:51,2
DA:52,3
DA:53,2
DA:56,1
DA:57,2
DA:58,1
DA:60,1
DA:61,2
DA:77,1
DA:79,2
DA:87,1
DA:89,1
DA:91,0
DA:93,1
DA:95,0
DA:96,0
DA:97,0
DA:101,1
DA:103,1
DA:104,1
DA:105,4
DA:106,0
DA:107,0
DA:111,2
DA:115,1
DA:118,1
DA:120,1
DA:122,1
DA:124,1
DA:130,0
DA:133,0
DA:135,0
DA:137,0
DA:139,0
LF:53
LH:42
end_of_record
SF:lib\features\parking_mgmt\presentation\widgets\floating_action_button_extended.dart
DA:4,2
DA:15,2
DA:16,2
DA:17,3
DA:18,4
DA:19,4
LF:6
LH:6
end_of_record
SF:lib\features\parking_mgmt\presentation\widgets\text_widget.dart
DA:4,12
DA:13,2
DA:14,2
DA:15,2
DA:16,2
DA:18,2
LF:6
LH:6
end_of_record
SF:lib\features\parking_mgmt\presentation\widgets\vehicle_type_dropdown.dart
DA:5,1
DA:14,1
DA:15,1
DA:21,1
DA:23,4
DA:24,1
DA:27,1
DA:29,1
DA:30,1
DA:33,1
DA:34,3
DA:35,0
DA:36,0
DA:37,0
DA:39,0
DA:42,4
DA:43,1
DA:45,1
DA:47,1
LF:19
LH:15
end_of_record
SF:lib\injection_container.dart
DA:10,3
DA:13,1
DA:14,1
DA:15,1
DA:16,6
DA:18,5
DA:19,5
DA:20,5
DA:21,5
DA:22,3
LF:10
LH:10
end_of_record
