SF:lib\core\utils.dart
DA:3,5
DA:5,3
LF:2
LH:2
end_of_record
SF:lib\core\assets.dart
DA:2,0
LF:1
LH:0
end_of_record
SF:lib\core\usecase.dart
DA:2,3
DA:8,0
LF:2
LH:1
end_of_record
SF:lib\features\parking_mgmt\data\data_sources\remote_datasource.dart
DA:8,1
DA:16,1
DA:20,0
DA:34,0
DA:35,0
DA:36,0
DA:37,0
DA:38,0
DA:39,0
DA:44,0
LF:10
LH:2
end_of_record
SF:lib\features\parking_mgmt\data\models\slot_model.dart
DA:6,3
DA:18,0
DA:19,0
DA:21,4
DA:22,2
DA:23,2
DA:24,2
DA:25,2
LF:8
LH:6
end_of_record
SF:lib\features\parking_mgmt\domain\entities\slot.dart
DA:5,6
DA:17,2
DA:18,10
LF:3
LH:3
end_of_record
SF:lib\features\parking_mgmt\data\repositories\slot_repository_impl.dart
DA:7,2
DA:11,1
DA:13,2
DA:14,1
DA:17,1
DA:18,2
LF:6
LH:6
end_of_record
SF:lib\features\parking_mgmt\domain\repositories\slot_repository.dart
DA:5,2
LF:1
LH:1
end_of_record
SF:lib\features\parking_mgmt\domain\use_cases\get_slot_usecase.dart
DA:7,2
DA:11,1
DA:12,2
LF:3
LH:3
end_of_record
SF:lib\features\parking_mgmt\domain\use_cases\release_slot_usecase.dart
DA:5,2
DA:9,1
DA:11,2
LF:3
LH:3
end_of_record
SF:lib\features\parking_mgmt\presentation\cubit\parking_state.dart
DA:4,3
DA:6,1
DA:7,1
DA:15,2
LF:4
LH:4
end_of_record
SF:lib\features\parking_mgmt\presentation\cubit\parking_cubit.dart
DA:13,2
DA:18,4
DA:25,1
DA:26,2
DA:27,2
DA:28,1
DA:29,2
DA:30,2
DA:33,1
DA:34,2
DA:35,2
DA:36,1
DA:37,2
DA:38,2
DA:39,1
DA:40,2
DA:43,1
DA:44,2
DA:45,4
DA:46,1
DA:47,2
DA:48,2
DA:49,1
DA:50,2
LF:24
LH:24
end_of_record
SF:lib\features\parking_mgmt\presentation\pages\parking_view.dart
DA:13,1
DA:15,1
DA:17,1
DA:18,1
DA:20,1
DA:21,1
DA:22,0
DA:27,1
DA:29,1
DA:30,1
DA:31,3
DA:33,1
DA:35,3
DA:36,1
DA:38,3
DA:39,1
DA:46,1
DA:48,1
DA:50,3
DA:51,2
DA:52,3
DA:53,2
DA:56,1
DA:57,0
DA:59,0
DA:60,0
DA:76,1
DA:78,2
DA:86,1
DA:88,1
DA:90,0
DA:92,1
DA:94,0
DA:95,0
DA:96,0
DA:100,1
DA:102,1
DA:103,1
DA:104,4
DA:105,0
DA:106,0
DA:110,2
DA:114,1
DA:117,1
DA:119,1
DA:121,1
DA:123,1
DA:129,0
DA:132,0
DA:134,0
DA:136,0
DA:138,0
LF:52
LH:37
end_of_record
SF:lib\features\parking_mgmt\presentation\widgets\floating_action_button_extended.dart
DA:4,2
DA:15,2
DA:16,2
DA:17,3
DA:18,4
DA:19,4
LF:6
LH:6
end_of_record
SF:lib\features\parking_mgmt\presentation\widgets\text_widget.dart
DA:4,12
DA:13,2
DA:14,2
DA:15,2
DA:16,2
DA:18,2
LF:6
LH:6
end_of_record
SF:lib\features\parking_mgmt\presentation\widgets\vehicle_type_dropdown.dart
DA:5,1
DA:14,1
DA:15,1
DA:21,1
DA:23,4
DA:24,1
DA:27,1
DA:29,1
DA:30,1
DA:33,1
DA:34,3
DA:35,0
DA:36,0
DA:37,0
DA:39,0
DA:42,4
DA:43,1
DA:45,1
DA:47,1
LF:19
LH:15
end_of_record
SF:lib\injection_container.dart
DA:10,3
DA:13,1
DA:14,1
DA:15,1
DA:16,6
DA:18,5
DA:19,5
DA:20,5
DA:21,5
DA:22,3
LF:10
LH:10
end_of_record
